<?xml version="1.0" encoding="UTF-8"?>
<!-- Generated by org.testng.reporters.JUnitXMLReporter -->
<testsuite ignored="0" hostname="LAPTOP-GJ2C992H" failures="0" tests="42" name="PrrojectGoodReads" time="26.756" errors="0" timestamp="2022-01-12T18:19:24 EST">
  <testcase classname="dev.project2.DAO.Implementation.ContactUsImpTest" name="getAllContactRequests" time="1.098"/>
  <testcase classname="dev.project2.DAO.Implementation.ContactUsImpTest" name="getCompletedContactRequests" time="0.863"/>
  <testcase classname="dev.project2.DAO.Implementation.ContactUsImpTest" name="getPendingContactRequests" time="1.136"/>
  <testcase classname="dev.project2.DAO.Implementation.ContactUsImpTest" name="selectContactRequestById" time="0.896"/>
  <testcase classname="dev.project2.DAO.Implementation.ContactUsImpTest" name="testCreateContactUs" time="0.875"/>
  <testcase classname="dev.project2.DAO.Implementation.ContactUsImpTest" name="testDeleteContactRequest" time="0.894"/>
  <testcase classname="dev.project2.DAO.Implementation.ContactUsImpTest" name="testUpdateContactRequest" time="0.85"/>
  <testcase classname="dev.project2.Service.Implementation.ContactUsImpTest" name="getAllContactRequestsFail" time="0.012"/>
  <testcase classname="dev.project2.Service.Implementation.ContactUsImpTest" name="getCompletedContactRequestsFail" time="0.001"/>
  <testcase classname="dev.project2.Service.Implementation.ContactUsImpTest" name="getContactRequestFail" time="0.003"/>
  <testcase classname="dev.project2.Service.Implementation.ContactUsImpTest" name="getPendingContactRequestsFail" time="0.001"/>
  <testcase classname="dev.project2.DAO.Implementation.WebUserDAOTests" name="testCreateWebUser" time="0.92"/>
  <testcase classname="dev.project2.DAO.Implementation.WebUserDAOTests" name="testDeleteWebUser" time="0.869"/>
  <testcase classname="dev.project2.DAO.Implementation.WebUserDAOTests" name="testGetAllWebUsers" time="0.884"/>
  <testcase classname="dev.project2.DAO.Implementation.WebUserDAOTests" name="testGetWebUserByEmail" time="0.782"/>
  <testcase classname="dev.project2.DAO.Implementation.WebUserDAOTests" name="testGetWebUserById" time="0.859"/>
  <testcase classname="dev.project2.DAO.Implementation.WebUserDAOTests" name="testUpdateWebUser" time="0.864"/>
  <testcase classname="dev.project2.Service.Implementation.WebUserServiceTests" name="testMakeModeratorFail" time="0.001"/>
  <testcase classname="dev.project2.Service.Implementation.WebUserServiceTests" name="testMakeModeratorPass" time="0.009"/>
  <testcase classname="dev.project2.Service.Implementation.WebUserServiceTests" name="testWebUserLoginCheckEmailFail" time="0.001"/>
  <testcase classname="dev.project2.Service.Implementation.WebUserServiceTests" name="testWebUserLoginCheckPass" time="0.001"/>
  <testcase classname="dev.project2.Service.Implementation.WebUserServiceTests" name="testWebUserLoginCheckPasswordFail" time="0.001"/>
  <testcase classname="dev.project2.DAO.Implementation.MediaDAOImpTest" name="testApproveMedia" time="0.873"/>
  <testcase classname="dev.project2.DAO.Implementation.MediaDAOImpTest" name="testCreateNewMedia" time="0.944"/>
  <testcase classname="dev.project2.DAO.Implementation.MediaDAOImpTest" name="testDeleteMedia" time="0.848"/>
  <testcase classname="dev.project2.DAO.Implementation.MediaDAOImpTest" name="testGetAllBooks" time="0.841"/>
  <testcase classname="dev.project2.DAO.Implementation.MediaDAOImpTest" name="testGetAllGames" time="0.868"/>
  <testcase classname="dev.project2.DAO.Implementation.MediaDAOImpTest" name="testGetAllMovies" time="0.888"/>
  <testcase classname="dev.project2.DAO.Implementation.MediaDAOImpTest" name="testGetApprovedMedia" time="0.923"/>
  <testcase classname="dev.project2.DAO.Implementation.MediaDAOImpTest" name="testGetMediaByUserId" time="0.824"/>
  <testcase classname="dev.project2.DAO.Implementation.MediaDAOImpTest" name="testGetPendingMedia" time="0.851"/>
  <testcase classname="dev.project2.Service.Implementation.MediaServiceTests" name="approveMediaFail" time="0.0"/>
  <testcase classname="dev.project2.DAO.Implementation.ReviewDaoImpTest" name="testCreateReview" time="0.841"/>
  <testcase classname="dev.project2.DAO.Implementation.ReviewDaoImpTest" name="testDeleteReview" time="0.999"/>
  <testcase classname="dev.project2.DAO.Implementation.ReviewDaoImpTest" name="testGetAllReviews" time="0.894"/>
  <testcase classname="dev.project2.DAO.Implementation.ReviewDaoImpTest" name="testGetPendingReviews" time="0.912"/>
  <testcase classname="dev.project2.DAO.Implementation.ReviewDaoImpTest" name="testGetReview" time="0.905"/>
  <testcase classname="dev.project2.DAO.Implementation.ReviewDaoImpTest" name="testNotNullReviews" time="0.898"/>
  <testcase classname="dev.project2.DAO.Implementation.ReviewDaoImpTest" name="testUpdateReview" time="0.913"/>
  <testcase classname="dev.project2.Service.Implementation.ReviewImpTest" name="getReviewFail" time="0.001"/>
  <testcase classname="dev.project2.Service.Implementation.ReviewImpTest" name="testGetPendingReviews" time="0.0"/>
  <testcase classname="dev.project2.Service.Implementation.ReviewImpTest" name="testNotNullReviews" time="0.001"/>
</testsuite> <!-- PrrojectGoodReads -->
